<?xml version="1.0" encoding="UTF-8"?>
<!-- Generated by org.testng.reporters.JUnitReportReporter -->
<testsuite hostname="LAPTOP-750JOEPR" failures="0" tests="1" name="Rest.restRunner" time="48.194" errors="0" timestamp="10 ago. 2021 21:37:41 GMT" skipped="0">
  <testcase classname="Rest.restRunner" name="singleTest" time="48.194"/>
</testsuite> <!-- Rest.restRunner -->
