<?xml version="1.0" encoding="UTF-8"?>
<!-- Generated by org.testng.reporters.JUnitReportReporter -->
<testsuite hostname="LAPTOP-750JOEPR" failures="0" tests="1" name="testRunner2" time="7.930" errors="0" timestamp="16 jul. 2021 05:55:25 GMT" skipped="0">
  <testcase classname="testRunner2" name="singleTest" time="7.930"/>
</testsuite> <!-- testRunner2 -->
