<?xml version="1.0" encoding="UTF-8"?>
<!-- Generated by org.testng.reporters.JUnitReportReporter -->
<testsuite hostname="LAPTOP-750JOEPR" failures="0" tests="1" name="Soap.testRunner2" time="0.374" errors="0" timestamp="16 jul 2021 20:31:30 GMT" skipped="0">
  <testcase classname="Soap.testRunner2" name="singleTest" time="0.374"/>
</testsuite> <!-- Soap.testRunner2 -->
