<?xml version="1.0" encoding="UTF-8"?>
<!-- Generated by org.testng.reporters.JUnitReportReporter -->
<testsuite hostname="LAPTOP-750JOEPR" failures="0" tests="1" name="testRunner" time="8.839" errors="0" timestamp="16 jul. 2021 05:32:20 GMT" skipped="0">
  <testcase classname="testRunner" name="SoapTest" time="8.839"/>
</testsuite> <!-- testRunner -->
